<?xml version="1.0" encoding="UTF-8"?>
<!-- Generated by org.testng.reporters.JUnitXMLReporter -->
<testsuite hostname="TRD-206" ignored="0" name="Test" tests="12" failures="2" timestamp="2020-03-04T11:17:52 IST" time="70.608" errors="0">
  <testcase name="FlipkartTitle" time="0.012" classname="tests.HomePageTest"/>
  <testcase name="FlipkartLoginBtn" time="0.044" classname="tests.HomePageTest"/>
  <testcase name="Login_EmptyUser_pass" time="0.165" classname="tests.LoginTest"/>
  <testcase name="Login_EmptyPass" time="0.198" classname="tests.LoginTest"/>
  <testcase name="Login_EmptyUsername" time="0.163" classname="tests.LoginTest"/>
  <testcase name="login_ValidUserValidPass" time="3.239" classname="tests.LoginTest"/>
  <testcase name="Dropdown" time="3.187" classname="tests.AddToCompareTest"/>
  <testcase name="Select_SubOption" time="3.173" classname="tests.AddToCompareTest"/>
  <testcase name="Select_Filter" time="3.042" classname="tests.AddToCompareTest">
    <failure type="java.lang.AssertionError" message="did not expect to find [true] but found [false]">
      <![CDATA[java.lang.AssertionError: did not expect to find [true] but found [false]
at tests.AddToCompareTest.Select_Filter(AddToCompareTest.java:68)
at java.util.ArrayList.forEach(Unknown Source)
... Removed 31 stack frames]]>
    </failure>
  </testcase> <!-- Select_Filter -->
  <testcase name="Select_ItemsToCompare" time="25.158" classname="tests.AddToCompareTest"/>
  <testcase name="OpenPage_CompareToOtherItems" time="0.031" classname="tests.AddToCompareTest">
    <failure type="java.lang.AssertionError" message="expected [] but found [COMPARE]">
      <![CDATA[java.lang.AssertionError: expected [] but found [COMPARE]
at tests.AddToCompareTest.OpenPage_CompareToOtherItems(AddToCompareTest.java:108)
at java.util.ArrayList.forEach(Unknown Source)
... Removed 32 stack frames]]>
    </failure>
  </testcase> <!-- OpenPage_CompareToOtherItems -->
  <testcase name="Click_AddToCart" time="10.022" classname="tests.AddToCompareTest"/>
</testsuite> <!-- Test -->
